0 info it worked if it ends with ok
1 verbose cli [ 'C:\\Program Files\\nodejs\\node.exe',
1 verbose cli   'C:\\Program Files\\nodejs\\node_modules\\npm\\bin\\npm-cli.js',
1 verbose cli   'run',
1 verbose cli   'lint' ]
2 info using npm@3.10.8
3 info using node@v6.9.1
4 verbose run-script [ 'prelint', 'lint', 'postlint' ]
5 info lifecycle sample-app@0.0.0~prelint: sample-app@0.0.0
6 silly lifecycle sample-app@0.0.0~prelint: no script for prelint, continuing
7 info lifecycle sample-app@0.0.0~lint: sample-app@0.0.0
8 verbose lifecycle sample-app@0.0.0~lint: unsafe-perm in lifecycle true
9 verbose lifecycle sample-app@0.0.0~lint: PATH: C:\Program Files\nodejs\node_modules\npm\bin\node-gyp-bin;C:\Users\kkala\Projects\tutapi-frontend\node_modules\.bin;C:\cygwin64\usr\local\bin;C:\cygwin64\bin;C:\ProgramData\Oracle\Java\javapath;C:\WINDOWS\system32;C:\WINDOWS;C:\WINDOWS\System32\Wbem;C:\WINDOWS\System32\WindowsPowerShell\v1.0;C:\Program Files\nodejs;C:\Program Files\erl8.0\bin;C:\Program Files (x86)\Elixir\bin;C:\Users\kkala\.mix\escripts;C:\ProgramData\chocolatey\bin;C:\Program Files (x86)\Windows Kits\8.1\Windows Performance Toolkit;C:\Program Files\Git\cmd;C:\Users\kkala\AppData\Roaming\npm;C:\Users\kkala\AppData\Local\atom\bin;C:\Program Files\Console2;C:\Users\kkala\AppData\Local\Microsoft\WindowsApps;C:\Python27;C:\Program Files\Heroku\bin;C:\adb;C:\Users\kkala\AppData\Roaming\npm;C:\Users\kkala\AppData\Local\atom\bin;C:\Program Files\Console2;C:\Users\kkala\AppData\Local\Microsoft\WindowsApps;C:\Python27;C:\Program Files\Heroku\bin
10 verbose lifecycle sample-app@0.0.0~lint: CWD: C:\Users\kkala\Projects\tutapi-frontend
11 silly lifecycle sample-app@0.0.0~lint: Args: [ '/d /s /c', 'eslint ./' ]
12 silly lifecycle sample-app@0.0.0~lint: Returned: code: 1  signal: null
13 info lifecycle sample-app@0.0.0~lint: Failed to exec lint script
14 verbose stack Error: sample-app@0.0.0 lint: `eslint ./`
14 verbose stack Exit status 1
14 verbose stack     at EventEmitter.<anonymous> (C:\Program Files\nodejs\node_modules\npm\lib\utils\lifecycle.js:255:16)
14 verbose stack     at emitTwo (events.js:106:13)
14 verbose stack     at EventEmitter.emit (events.js:191:7)
14 verbose stack     at ChildProcess.<anonymous> (C:\Program Files\nodejs\node_modules\npm\lib\utils\spawn.js:40:14)
14 verbose stack     at emitTwo (events.js:106:13)
14 verbose stack     at ChildProcess.emit (events.js:191:7)
14 verbose stack     at maybeClose (internal/child_process.js:877:16)
14 verbose stack     at Process.ChildProcess._handle.onexit (internal/child_process.js:226:5)
15 verbose pkgid sample-app@0.0.0
16 verbose cwd C:\Users\kkala\Projects\tutapi-frontend
17 error Windows_NT 10.0.14393
18 error argv "C:\\Program Files\\nodejs\\node.exe" "C:\\Program Files\\nodejs\\node_modules\\npm\\bin\\npm-cli.js" "run" "lint"
19 error node v6.9.1
20 error npm  v3.10.8
21 error code ELIFECYCLE
22 error sample-app@0.0.0 lint: `eslint ./`
22 error Exit status 1
23 error Failed at the sample-app@0.0.0 lint script 'eslint ./'.
23 error Make sure you have the latest version of node.js and npm installed.
23 error If you do, this is most likely a problem with the sample-app package,
23 error not with npm itself.
23 error Tell the author that this fails on your system:
23 error     eslint ./
23 error You can get information on how to open an issue for this project with:
23 error     npm bugs sample-app
23 error Or if that isn't available, you can get their info via:
23 error     npm owner ls sample-app
23 error There is likely additional logging output above.
24 verbose exit [ 1, true ]
